<?xml version="1.0" encoding="UTF-8"?>
<!-- Generated by org.testng.reporters.JUnitReportReporter -->
<testsuite hostname="LIN51015636" failures="0" tests="2" name="com.onecat.qa.testcases.CreateNewSPNTest" time="106.459" errors="0" timestamp="2023-02-15T17:15:01 IST" skipped="0">
  <testcase classname="com.onecat.qa.testcases.CreateNewSPNTest" name="crete_new_spn_old_tool" time="50.617"/>
  <system-out/>
  <testcase classname="com.onecat.qa.testcases.CreateNewSPNTest" name="crete_new_spn_old_tool" time="55.842"/>
  <system-out/>
</testsuite> <!-- com.onecat.qa.testcases.CreateNewSPNTest -->
