<?xml version="1.0" encoding="UTF-8"?>
<!-- Generated by org.testng.reporters.JUnitReportReporter -->
<testsuite hostname="LIN51015636" failures="0" tests="3" name="com.onecat.qa.testcases.HomePageTest" time="64.486" errors="0" timestamp="2024-11-28T11:52:25 IST" skipped="0">
  <testcase classname="com.onecat.qa.testcases.HomePageTest" name="OneCatLogoImageTest" time="14.325"/>
  <system-out/>
  <testcase classname="com.onecat.qa.testcases.HomePageTest" name="clickOnImcsTab_Test" time="16.493"/>
  <system-out/>
  <testcase classname="com.onecat.qa.testcases.HomePageTest" name="HomePageTitleTest" time="33.668"/>
  <system-out/>
</testsuite> <!-- com.onecat.qa.testcases.HomePageTest -->
