<?xml version="1.0" encoding="UTF-8"?>
<!-- Generated by org.testng.reporters.JUnitReportReporter -->
<testsuite hostname="LIN51015636" failures="0" tests="4" name="com.onecat.qa.testcases.Sample" time="0.010" errors="0" timestamp="2024-04-25T10:29:48 IST" skipped="2">
  <testcase classname="com.onecat.qa.testcases.Sample" name="d" time="0.001"/>
  <system-out/>
  <testcase classname="com.onecat.qa.testcases.Sample" name="a" time="0.009"/>
  <system-out/>
  <testcase classname="com.onecat.qa.testcases.Sample" name="b">
    <skipped/>
  </testcase> <!-- b -->
  <system-out/>
  <testcase classname="com.onecat.qa.testcases.Sample" name="c">
    <skipped/>
  </testcase> <!-- c -->
  <system-out/>
</testsuite> <!-- com.onecat.qa.testcases.Sample -->
